21,1,LOGIN_FAILED_WRONG_PASSWORD,Database Admin
21,1,LOGIN_FAILED_WRONG_PASSWORD,Database Admin
21,1,LOGIN_FAILED_WRONG_PASSWORD,Database Admin
21,1,LOGIN_FAILED_WRONG_PASSWORD,Database Admin
21,1,LOGIN_FAILED_NO_USER,Unknown
21,1,LOGIN_FAILED_WRONG_PASSWORD,App Developer
21,1,LOGIN_FAILED_WRONG_PASSWORD,Database Admin
22,1,LOGIN_SUCCESS,Database Admin
22,1,LOGIN_SUCCESS,Database Admin
23,1,OAUTH_LOGIN_SUCCESS,heshonlive12@gmail.com
0,1,OAUTH_LOGIN_SUCCESS,Database Admin
1,1,OAUTH_LOGIN_SUCCESS,Database Admin
1,1,OAUTH_LOGIN_SUCCESS,Database Admin
2,1,OAUTH_LOGIN_SUCCESS,Database Admin
2,1,OAUTH_LOGIN_SUCCESS,Database Admin
2,1,OAUTH_LOGIN_SUCCESS,Database Admin
2,1,OAUTH_LOGIN_SUCCESS,Database Admin
2,1,OAUTH_LOGIN_SUCCESS,Database Admin
2,1,OAUTH_LOGIN_SUCCESS,Database Admin
2,1,OAUTH_LOGIN_SUCCESS,Database Admin
2,1,OAUTH_LOGIN_SUCCESS,Database Admin
2,1,OAUTH_LOGIN_SUCCESS,Database Admin
2,1,OAUTH_LOGIN_SUCCESS,Database Admin
2,1,OAUTH_LOGIN_SUCCESS,Database Admin
2,1,OAUTH_LOGIN_SUCCESS,Database Admin
2,1,OAUTH_LOGIN_SUCCESS,Database Admin
12,1,OAUTH_LOGIN_SUCCESS,Database Admin
12,1,OAUTH_LOGIN_SUCCESS,Database Admin
12,1,OAUTH_LOGIN_SUCCESS,Database Admin
12,1,OAUTH_LOGIN_SUCCESS,Database Admin
12,1,OAUTH_LOGIN_SUCCESS,Database Admin
14,1,OAUTH_LOGIN_SUCCESS,Database Admin
14,1,OAUTH_LOGIN_SUCCESS,Database Admin
14,1,OAUTH_LOGIN_SUCCESS,Database Admin
0,1,OAUTH_LOGIN_SUCCESS,Database Admin
0,1,OAUTH_LOGIN_SUCCESS,Database Admin
0,1,OAUTH_LOGIN_SUCCESS,Network Engineer
0,1,OAUTH_LOGIN_SUCCESS,Database Admin
1,1,OAUTH_LOGIN_SUCCESS,Network Engineer
1,1,OAUTH_LOGIN_SUCCESS,Database Admin
1,1,OAUTH_LOGIN_SUCCESS,Network Engineer
1,1,OAUTH_LOGIN_SUCCESS,Database Admin
1,1,OAUTH_LOGIN_SUCCESS,Database Admin
1,1,OAUTH_LOGIN_SUCCESS,Network Engineer
1,1,OAUTH_LOGIN_SUCCESS,Database Admin
1,1,OAUTH_LOGIN_SUCCESS,Database Admin
1,1,OAUTH_LOGIN_SUCCESS,Network Engineer
1,1,OAUTH_LOGIN_SUCCESS,Network Engineer
2,1,OAUTH_LOGIN_SUCCESS,Database Admin
2,1,OAUTH_LOGIN_SUCCESS,Database Admin
15,1,OAUTH_LOGIN_SUCCESS,Database Admin
15,1,OAUTH_LOGIN_SUCCESS,Network Engineer
15,1,OAUTH_LOGIN_SUCCESS,Database Admin
15,1,OAUTH_LOGIN_SUCCESS,Network Engineer
15,1,OAUTH_LOGIN_SUCCESS,Database Admin
15,1,OAUTH_LOGIN_SUCCESS,Network Engineer
15,1,OAUTH_LOGIN_SUCCESS,Database Admin
15,1,OAUTH_LOGIN_SUCCESS,Database Admin
17,1,OAUTH_LOGIN_SUCCESS,Database Admin
20,1,OAUTH_LOGIN_SUCCESS,Database Admin
21,1,OAUTH_LOGIN_SUCCESS,Network Engineer
23,1,OAUTH_LOGIN_SUCCESS,Database Admin
1,1,OAUTH_LOGIN_SUCCESS,Database Admin
1,1,OAUTH_LOGIN_SUCCESS,Database Admin
1,1,OAUTH_LOGIN_SUCCESS,Network Engineer
17,1,OAUTH_LOGIN_SUCCESS,Database Admin
17,1,OAUTH_LOGIN_SUCCESS,Network Engineer
23,1,OAUTH_LOGIN_SUCCESS,Database Admin
0,1,OAUTH_LOGIN_SUCCESS,Network Engineer
1,1,OAUTH_LOGIN_SUCCESS,Database Admin
1,1,OAUTH_LOGIN_SUCCESS,Network Engineer
1,1,OAUTH_LOGIN_SUCCESS,Network Engineer
2,1,OAUTH_LOGIN_SUCCESS,Network Engineer
19,1,OAUTH_LOGIN_SUCCESS,Database Admin
20,1,OAUTH_LOGIN_SUCCESS,Network Engineer
20,1,OAUTH_LOGIN_SUCCESS,Database Admin
20,1,OAUTH_LOGIN_SUCCESS,Network Engineer
20,1,OAUTH_LOGIN_SUCCESS,Database Admin
21,1,OAUTH_LOGIN_SUCCESS,Network Engineer
14,1,OAUTH_LOGIN_SUCCESS,Database Admin
14,1,OAUTH_LOGIN_SUCCESS,Network Engineer
15,1,OAUTH_LOGIN_SUCCESS,Database Admin
15,1,OAUTH_LOGIN_SUCCESS,Database Admin
15,1,OAUTH_LOGIN_SUCCESS,Database Admin
18,1,OAUTH_LOGIN_SUCCESS,Database Admin
18,1,OAUTH_LOGIN_SUCCESS,Network Engineer
18,1,OAUTH_LOGIN_SUCCESS,Network Engineer
18,1,OAUTH_LOGIN_SUCCESS,Database Admin
0,1,OAUTH_LOGIN_SUCCESS,Database Admin
12,1,OAUTH_LOGIN_SUCCESS,Database Admin
13,1,OAUTH_LOGIN_SUCCESS,Network Engineer
13,1,OAUTH_LOGIN_SUCCESS,Database Admin
14,1,OAUTH_LOGIN_SUCCESS,Database Admin
